Running SAT version.. 
Platform 0 : The pocl project
Platform 1 : NVIDIA Corporation
Platform 2 : Advanced Micro Devices, Inc.
GPU not found. Falling back to CPU device

Selected Platform Vendor : Advanced Micro Devices, Inc.
Device 0 : Intel(R) Core(TM) i7-9700KF CPU @ 3.60GHz Device ID is 0x2fbebf90
Executing kernel for 500 iterations
-------------------------------------------

| Width | Height | Time(sec) | [Transfer+Kernel]Time(sec) |
|-------|--------|-----------|----------------------------|
| 1024  | 1024   | 0.094337  | 0.0453182                  |


Running Separable version.. 
Platform 0 : The pocl project
Platform 1 : NVIDIA Corporation
Platform 2 : Advanced Micro Devices, Inc.
GPU not found. Falling back to CPU device

Selected Platform Vendor : Advanced Micro Devices, Inc.
Device 0 : Intel(R) Core(TM) i7-9700KF CPU @ 3.60GHz Device ID is 0x2fbebf90
Executing kernel for 500 iterations
-------------------------------------------

| Width | Height | Time(sec) | [Transfer+Kernel]Time(sec) |
|-------|--------|-----------|----------------------------|
| 1024  | 1024   | 0.0528774 | 0.00520232                 |
