Running SAT version.. 
Platform 0 : The pocl project
Platform 1 : NVIDIA Corporation
Platform 2 : Advanced Micro Devices, Inc.
GPU not found. Falling back to CPU device

Selected Platform Vendor : Advanced Micro Devices, Inc.
Device 0 : Intel(R) Core(TM) i7-9700KF CPU @ 3.60GHz Device ID is 0x1684df90
Executing kernel for 200 iterations
-------------------------------------------

| Width | Height | Time(sec) | [Transfer+Kernel]Time(sec) |
|-------|--------|-----------|----------------------------|
| 1024  | 1024   | 0.0947459 | 0.0454989                  |


Running Separable version.. 
Platform 0 : The pocl project
Platform 1 : NVIDIA Corporation
Platform 2 : Advanced Micro Devices, Inc.
GPU not found. Falling back to CPU device

Selected Platform Vendor : Advanced Micro Devices, Inc.
Device 0 : Intel(R) Core(TM) i7-9700KF CPU @ 3.60GHz Device ID is 0x1684df90
Executing kernel for 200 iterations
-------------------------------------------

| Width | Height | Time(sec) | [Transfer+Kernel]Time(sec) |
|-------|--------|-----------|----------------------------|
| 1024  | 1024   | 0.0536865 | 0.00518646                 |
